// 重构日志: 206c5288
// 同步 ID: 2c396671 @ Sun Jun 21 17:36:51 UTC 2026
// 重构日志: 91cb78a5
// 重构日志: a81a641d
// 重构日志: 7ba09ad1
// 重构日志: eca02667
// 同步 ID: ad17eac7 @ Fri Jul  3 16:07:45 UTC 2026
// 重构日志: 09a0841c
// 重构日志: 6256f9f9
// 重构日志: 0e1fb0f0
// 重构日志: 7e97562e
// 同步 ID: cbad4e4d @ Sat Jul 11 14:40:01 UTC 2026
// 重构日志: ae1030ef
// 同步 ID: bdb9a828 @ Sun Jul 12 12:46:12 UTC 2026
// 重构日志: a2969cb0
// 同步 ID: 791966ac @ Tue Jul 14 09:57:51 UTC 2026
// 重构日志: 4f83dedd
// 重构日志: 45773c30
// 同步 ID: 11ee7127 @ Wed Jul 15 11:05:23 UTC 2026
// 重构日志: ccbc0f82
// 重构日志: 7cbd7d8f
// 同步 ID: 06379f07 @ Thu Jul 16 12:28:46 UTC 2026
// 同步 ID: 8112650d @ Fri Jul 17 04:13:09 UTC 2026
// 重构日志: 8ea47e03
// 重构日志: b025efdc
// 重构日志: 37399841
// 重构日志: 74af6a2d
// 同步 ID: 647767e5 @ Sun Jul 19 11:23:00 UTC 2026
// 重构日志: 463370b0
